2023-11-29 01:36:46,231 INFO    StreamThr :2991394 [internal.py:wandb_internal():86] W&B internal server running at pid: 2991394, started at: 2023-11-29 01:36:46.230060
2023-11-29 01:36:46,233 DEBUG   HandlerThread:2991394 [handler.py:handle_request():146] handle_request: status
2023-11-29 01:36:46,235 INFO    WriterThread:2991394 [datastore.py:open_for_write():85] open: /scratch/as14661/trl/examples/scripts/wandb/run-20231129_013646-q4q5ll2m/run-q4q5ll2m.wandb
2023-11-29 01:36:46,238 DEBUG   SenderThread:2991394 [sender.py:send():380] send: header
2023-11-29 01:36:46,332 DEBUG   SenderThread:2991394 [sender.py:send():380] send: run
2023-11-29 01:36:46,940 INFO    SenderThread:2991394 [dir_watcher.py:__init__():211] watching files in: /scratch/as14661/trl/examples/scripts/wandb/run-20231129_013646-q4q5ll2m/files
2023-11-29 01:36:46,940 INFO    SenderThread:2991394 [sender.py:_start_run_threads():1124] run started: q4q5ll2m with start time 1701239806.231647
2023-11-29 01:36:46,954 DEBUG   HandlerThread:2991394 [handler.py:handle_request():146] handle_request: check_version
2023-11-29 01:36:46,954 DEBUG   SenderThread:2991394 [sender.py:send_request():407] send_request: check_version
2023-11-29 01:36:47,029 DEBUG   HandlerThread:2991394 [handler.py:handle_request():146] handle_request: run_start
2023-11-29 01:36:47,055 DEBUG   HandlerThread:2991394 [system_info.py:__init__():32] System info init
2023-11-29 01:36:47,055 DEBUG   HandlerThread:2991394 [system_info.py:__init__():47] System info init done
2023-11-29 01:36:47,055 INFO    HandlerThread:2991394 [system_monitor.py:start():194] Starting system monitor
2023-11-29 01:36:47,056 INFO    SystemMonitor:2991394 [system_monitor.py:_start():158] Starting system asset monitoring threads
2023-11-29 01:36:47,056 INFO    HandlerThread:2991394 [system_monitor.py:probe():214] Collecting system info
2023-11-29 01:36:47,057 INFO    SystemMonitor:2991394 [interfaces.py:start():190] Started cpu monitoring
2023-11-29 01:36:47,058 INFO    SystemMonitor:2991394 [interfaces.py:start():190] Started disk monitoring
2023-11-29 01:36:47,059 INFO    SystemMonitor:2991394 [interfaces.py:start():190] Started gpu monitoring
2023-11-29 01:36:47,060 INFO    SystemMonitor:2991394 [interfaces.py:start():190] Started memory monitoring
2023-11-29 01:36:47,062 INFO    SystemMonitor:2991394 [interfaces.py:start():190] Started network monitoring
2023-11-29 01:36:47,092 DEBUG   HandlerThread:2991394 [system_info.py:probe():196] Probing system
2023-11-29 01:36:47,093 DEBUG   HandlerThread:2991394 [system_info.py:_probe_git():181] Probing git
2023-11-29 01:36:47,120 DEBUG   HandlerThread:2991394 [system_info.py:_probe_git():189] Probing git done
2023-11-29 01:36:47,120 DEBUG   HandlerThread:2991394 [system_info.py:probe():244] Probing system done
2023-11-29 01:36:47,120 DEBUG   HandlerThread:2991394 [system_monitor.py:probe():223] {'os': 'Linux-4.18.0-372.26.1.el8_6.x86_64-x86_64-with-glibc2.10', 'python': '3.8.3', 'heartbeatAt': '2023-11-29T06:36:47.092569', 'startedAt': '2023-11-29T06:36:46.216129', 'docker': None, 'cuda': None, 'args': ('--eval_split', 'test'), 'state': 'running', 'program': 'reward_modeling.py', 'codePathLocal': 'reward_modeling.py', 'codePath': 'examples/scripts/reward_modeling.py', 'git': {'remote': 'https://github.com/huggingface/trl.git', 'commit': '55d7c952c796345d9fa520e692f7760372b14b43'}, 'email': None, 'root': '/scratch/as14661/trl', 'host': 'gv008.hpc.nyu.edu', 'username': 'as14661', 'executable': '/share/apps/anaconda3/2020.07/bin/python', 'cpu_count': 25, 'cpu_count_logical': 48, 'cpu_freq': {'current': 2871.564979166667, 'min': 0.0, 'max': 0.0}, 'cpu_freq_per_core': [{'current': 3815.192, 'min': 0.0, 'max': 0.0}, {'current': 2900.0, 'min': 0.0, 'max': 0.0}, {'current': 2900.0, 'min': 0.0, 'max': 0.0}, {'current': 2900.0, 'min': 0.0, 'max': 0.0}, {'current': 2900.0, 'min': 0.0, 'max': 0.0}, {'current': 2900.0, 'min': 0.0, 'max': 0.0}, {'current': 2900.0, 'min': 0.0, 'max': 0.0}, {'current': 2900.0, 'min': 0.0, 'max': 0.0}, {'current': 2900.0, 'min': 0.0, 'max': 0.0}, {'current': 2900.0, 'min': 0.0, 'max': 0.0}, {'current': 2900.0, 'min': 0.0, 'max': 0.0}, {'current': 2900.0, 'min': 0.0, 'max': 0.0}, {'current': 2900.0, 'min': 0.0, 'max': 0.0}, {'current': 2900.0, 'min': 0.0, 'max': 0.0}, {'current': 2900.0, 'min': 0.0, 'max': 0.0}, {'current': 2900.0, 'min': 0.0, 'max': 0.0}, {'current': 2900.0, 'min': 0.0, 'max': 0.0}, {'current': 2900.0, 'min': 0.0, 'max': 0.0}, {'current': 2900.0, 'min': 0.0, 'max': 0.0}, {'current': 2900.0, 'min': 0.0, 'max': 0.0}, {'current': 2900.0, 'min': 0.0, 'max': 0.0}, {'current': 2900.0, 'min': 0.0, 'max': 0.0}, {'current': 2900.0, 'min': 0.0, 'max': 0.0}, {'current': 2900.0, 'min': 0.0, 'max': 0.0}, {'current': 2900.0, 'min': 0.0, 'max': 0.0}, {'current': 3599.999, 'min': 0.0, 'max': 0.0}, {'current': 1417.614, 'min': 0.0, 'max': 0.0}, {'current': 2900.0, 'min': 0.0, 'max': 0.0}, {'current': 2900.0, 'min': 0.0, 'max': 0.0}, {'current': 2900.0, 'min': 0.0, 'max': 0.0}, {'current': 2900.0, 'min': 0.0, 'max': 0.0}, {'current': 2900.0, 'min': 0.0, 'max': 0.0}, {'current': 2900.0, 'min': 0.0, 'max': 0.0}, {'current': 2900.0, 'min': 0.0, 'max': 0.0}, {'current': 2900.0, 'min': 0.0, 'max': 0.0}, {'current': 2900.0, 'min': 0.0, 'max': 0.0}, {'current': 2900.0, 'min': 0.0, 'max': 0.0}, {'current': 2900.0, 'min': 0.0, 'max': 0.0}, {'current': 2900.0, 'min': 0.0, 'max': 0.0}, {'current': 2900.0, 'min': 0.0, 'max': 0.0}, {'current': 2900.0, 'min': 0.0, 'max': 0.0}, {'current': 2900.0, 'min': 0.0, 'max': 0.0}, {'current': 2900.0, 'min': 0.0, 'max': 0.0}, {'current': 2900.0, 'min': 0.0, 'max': 0.0}, {'current': 2900.0, 'min': 0.0, 'max': 0.0}, {'current': 2900.0, 'min': 0.0, 'max': 0.0}, {'current': 2900.0, 'min': 0.0, 'max': 0.0}, {'current': 2900.0, 'min': 0.0, 'max': 0.0}], 'disk': {'/': {'total': 78.08685302734375, 'used': 25.868061065673828}}, 'gpu': 'Tesla V100-PCIE-32GB', 'gpu_count': 2, 'gpu_devices': [{'name': 'Tesla V100-PCIE-32GB', 'memory_total': 34359738368}, {'name': 'Tesla V100-PCIE-32GB', 'memory_total': 34359738368}], 'memory': {'total': 377.3243064880371}}
2023-11-29 01:36:47,125 INFO    HandlerThread:2991394 [system_monitor.py:probe():224] Finished collecting system info
2023-11-29 01:36:47,125 INFO    HandlerThread:2991394 [system_monitor.py:probe():227] Publishing system info
2023-11-29 01:36:47,125 DEBUG   HandlerThread:2991394 [system_info.py:_save_pip():52] Saving list of pip packages installed into the current environment
2023-11-29 01:36:47,126 DEBUG   HandlerThread:2991394 [system_info.py:_save_pip():68] Saving pip packages done
2023-11-29 01:36:47,126 DEBUG   HandlerThread:2991394 [system_info.py:_save_conda():75] Saving list of conda packages installed into the current environment
2023-11-29 01:36:47,944 INFO    Thread-12 :2991394 [dir_watcher.py:_on_file_created():271] file/dir created: /scratch/as14661/trl/examples/scripts/wandb/run-20231129_013646-q4q5ll2m/files/conda-environment.yaml
2023-11-29 01:36:47,945 INFO    Thread-12 :2991394 [dir_watcher.py:_on_file_created():271] file/dir created: /scratch/as14661/trl/examples/scripts/wandb/run-20231129_013646-q4q5ll2m/files/requirements.txt
2023-11-29 01:36:48,370 DEBUG   HandlerThread:2991394 [system_info.py:_save_conda():87] Saving conda packages done
2023-11-29 01:36:48,372 INFO    HandlerThread:2991394 [system_monitor.py:probe():229] Finished publishing system info
2023-11-29 01:36:48,386 DEBUG   SenderThread:2991394 [sender.py:send():380] send: files
2023-11-29 01:36:48,386 INFO    SenderThread:2991394 [sender.py:_save_file():1380] saving file wandb-metadata.json with policy now
2023-11-29 01:36:48,395 DEBUG   HandlerThread:2991394 [handler.py:handle_request():146] handle_request: internal_messages
2023-11-29 01:36:48,395 DEBUG   HandlerThread:2991394 [handler.py:handle_request():146] handle_request: stop_status
2023-11-29 01:36:48,395 DEBUG   SenderThread:2991394 [sender.py:send():380] send: telemetry
2023-11-29 01:36:48,396 DEBUG   SenderThread:2991394 [sender.py:send_request():407] send_request: stop_status
2023-11-29 01:36:48,731 INFO    wandb-upload_0:2991394 [upload_job.py:push():131] Uploaded file /state/partition1/job-40438924/tmpl54jrnegwandb/crykkepp-wandb-metadata.json
2023-11-29 01:36:48,840 DEBUG   SenderThread:2991394 [sender.py:send():380] send: telemetry
2023-11-29 01:36:48,942 INFO    Thread-12 :2991394 [dir_watcher.py:_on_file_created():271] file/dir created: /scratch/as14661/trl/examples/scripts/wandb/run-20231129_013646-q4q5ll2m/files/wandb-metadata.json
2023-11-29 01:36:49,009 DEBUG   SenderThread:2991394 [sender.py:send():380] send: telemetry
2023-11-29 01:36:49,293 DEBUG   SenderThread:2991394 [sender.py:send():380] send: telemetry
2023-11-29 01:36:50,852 DEBUG   SenderThread:2991394 [sender.py:send():380] send: exit
2023-11-29 01:36:50,899 INFO    SenderThread:2991394 [sender.py:send_exit():585] handling exit code: 1
2023-11-29 01:36:50,899 INFO    SenderThread:2991394 [sender.py:send_exit():587] handling runtime: 3
2023-11-29 01:36:50,903 INFO    SenderThread:2991394 [sender.py:_save_file():1380] saving file wandb-summary.json with policy end
2023-11-29 01:36:50,904 INFO    SenderThread:2991394 [sender.py:send_exit():593] send defer
2023-11-29 01:36:50,904 DEBUG   HandlerThread:2991394 [handler.py:handle_request():146] handle_request: defer
2023-11-29 01:36:50,904 INFO    HandlerThread:2991394 [handler.py:handle_request_defer():172] handle defer: 0
2023-11-29 01:36:50,905 DEBUG   SenderThread:2991394 [sender.py:send_request():407] send_request: defer
2023-11-29 01:36:50,905 INFO    SenderThread:2991394 [sender.py:send_request_defer():609] handle sender defer: 0
2023-11-29 01:36:50,905 INFO    SenderThread:2991394 [sender.py:transition_state():613] send defer: 1
2023-11-29 01:36:50,905 DEBUG   HandlerThread:2991394 [handler.py:handle_request():146] handle_request: defer
2023-11-29 01:36:50,905 INFO    HandlerThread:2991394 [handler.py:handle_request_defer():172] handle defer: 1
2023-11-29 01:36:50,906 DEBUG   SenderThread:2991394 [sender.py:send_request():407] send_request: defer
2023-11-29 01:36:50,906 INFO    SenderThread:2991394 [sender.py:send_request_defer():609] handle sender defer: 1
2023-11-29 01:36:50,906 INFO    SenderThread:2991394 [sender.py:transition_state():613] send defer: 2
2023-11-29 01:36:50,906 DEBUG   HandlerThread:2991394 [handler.py:handle_request():146] handle_request: defer
2023-11-29 01:36:50,906 INFO    HandlerThread:2991394 [handler.py:handle_request_defer():172] handle defer: 2
2023-11-29 01:36:50,906 INFO    HandlerThread:2991394 [system_monitor.py:finish():203] Stopping system monitor
2023-11-29 01:36:50,906 DEBUG   SystemMonitor:2991394 [system_monitor.py:_start():172] Starting system metrics aggregation loop
2023-11-29 01:36:50,907 INFO    HandlerThread:2991394 [interfaces.py:finish():202] Joined cpu monitor
2023-11-29 01:36:50,908 DEBUG   SystemMonitor:2991394 [system_monitor.py:_start():179] Finished system metrics aggregation loop
2023-11-29 01:36:50,908 INFO    HandlerThread:2991394 [interfaces.py:finish():202] Joined disk monitor
2023-11-29 01:36:50,908 DEBUG   SystemMonitor:2991394 [system_monitor.py:_start():183] Publishing last batch of metrics
2023-11-29 01:36:50,943 INFO    Thread-12 :2991394 [dir_watcher.py:_on_file_created():271] file/dir created: /scratch/as14661/trl/examples/scripts/wandb/run-20231129_013646-q4q5ll2m/files/output.log
2023-11-29 01:36:50,943 INFO    Thread-12 :2991394 [dir_watcher.py:_on_file_created():271] file/dir created: /scratch/as14661/trl/examples/scripts/wandb/run-20231129_013646-q4q5ll2m/files/wandb-summary.json
2023-11-29 01:36:51,043 INFO    HandlerThread:2991394 [interfaces.py:finish():202] Joined gpu monitor
2023-11-29 01:36:51,044 INFO    HandlerThread:2991394 [interfaces.py:finish():202] Joined memory monitor
2023-11-29 01:36:51,044 INFO    HandlerThread:2991394 [interfaces.py:finish():202] Joined network monitor
2023-11-29 01:36:51,045 DEBUG   SenderThread:2991394 [sender.py:send_request():407] send_request: defer
2023-11-29 01:36:51,045 INFO    SenderThread:2991394 [sender.py:send_request_defer():609] handle sender defer: 2
2023-11-29 01:36:51,045 INFO    SenderThread:2991394 [sender.py:transition_state():613] send defer: 3
2023-11-29 01:36:51,045 DEBUG   SenderThread:2991394 [sender.py:send():380] send: stats
2023-11-29 01:36:51,045 DEBUG   HandlerThread:2991394 [handler.py:handle_request():146] handle_request: defer
2023-11-29 01:36:51,045 INFO    HandlerThread:2991394 [handler.py:handle_request_defer():172] handle defer: 3
2023-11-29 01:36:51,046 DEBUG   SenderThread:2991394 [sender.py:send_request():407] send_request: defer
2023-11-29 01:36:51,046 INFO    SenderThread:2991394 [sender.py:send_request_defer():609] handle sender defer: 3
2023-11-29 01:36:51,046 INFO    SenderThread:2991394 [sender.py:transition_state():613] send defer: 4
2023-11-29 01:36:51,046 DEBUG   HandlerThread:2991394 [handler.py:handle_request():146] handle_request: defer
2023-11-29 01:36:51,046 INFO    HandlerThread:2991394 [handler.py:handle_request_defer():172] handle defer: 4
2023-11-29 01:36:51,046 DEBUG   SenderThread:2991394 [sender.py:send_request():407] send_request: defer
2023-11-29 01:36:51,046 INFO    SenderThread:2991394 [sender.py:send_request_defer():609] handle sender defer: 4
2023-11-29 01:36:51,046 INFO    SenderThread:2991394 [sender.py:transition_state():613] send defer: 5
2023-11-29 01:36:51,047 DEBUG   HandlerThread:2991394 [handler.py:handle_request():146] handle_request: defer
2023-11-29 01:36:51,047 INFO    HandlerThread:2991394 [handler.py:handle_request_defer():172] handle defer: 5
2023-11-29 01:36:51,047 DEBUG   SenderThread:2991394 [sender.py:send():380] send: summary
2023-11-29 01:36:51,047 INFO    SenderThread:2991394 [sender.py:_save_file():1380] saving file wandb-summary.json with policy end
2023-11-29 01:36:51,048 DEBUG   SenderThread:2991394 [sender.py:send_request():407] send_request: defer
2023-11-29 01:36:51,048 INFO    SenderThread:2991394 [sender.py:send_request_defer():609] handle sender defer: 5
2023-11-29 01:36:51,048 INFO    SenderThread:2991394 [sender.py:transition_state():613] send defer: 6
2023-11-29 01:36:51,048 DEBUG   HandlerThread:2991394 [handler.py:handle_request():146] handle_request: defer
2023-11-29 01:36:51,048 INFO    HandlerThread:2991394 [handler.py:handle_request_defer():172] handle defer: 6
2023-11-29 01:36:51,048 DEBUG   SenderThread:2991394 [sender.py:send_request():407] send_request: defer
2023-11-29 01:36:51,048 INFO    SenderThread:2991394 [sender.py:send_request_defer():609] handle sender defer: 6
2023-11-29 01:36:51,052 DEBUG   HandlerThread:2991394 [handler.py:handle_request():146] handle_request: status_report
2023-11-29 01:36:51,313 INFO    SenderThread:2991394 [sender.py:transition_state():613] send defer: 7
2023-11-29 01:36:51,314 DEBUG   HandlerThread:2991394 [handler.py:handle_request():146] handle_request: defer
2023-11-29 01:36:51,314 INFO    HandlerThread:2991394 [handler.py:handle_request_defer():172] handle defer: 7
2023-11-29 01:36:51,314 DEBUG   SenderThread:2991394 [sender.py:send_request():407] send_request: defer
2023-11-29 01:36:51,314 INFO    SenderThread:2991394 [sender.py:send_request_defer():609] handle sender defer: 7
2023-11-29 01:36:51,852 DEBUG   HandlerThread:2991394 [handler.py:handle_request():146] handle_request: poll_exit
2023-11-29 01:36:51,943 INFO    Thread-12 :2991394 [dir_watcher.py:_on_file_modified():288] file/dir modified: /scratch/as14661/trl/examples/scripts/wandb/run-20231129_013646-q4q5ll2m/files/config.yaml
2023-11-29 01:36:51,944 INFO    Thread-12 :2991394 [dir_watcher.py:_on_file_modified():288] file/dir modified: /scratch/as14661/trl/examples/scripts/wandb/run-20231129_013646-q4q5ll2m/files/wandb-summary.json
2023-11-29 01:36:52,788 INFO    SenderThread:2991394 [sender.py:transition_state():613] send defer: 8
2023-11-29 01:36:52,789 DEBUG   SenderThread:2991394 [sender.py:send_request():407] send_request: poll_exit
2023-11-29 01:36:52,789 DEBUG   HandlerThread:2991394 [handler.py:handle_request():146] handle_request: defer
2023-11-29 01:36:52,789 INFO    HandlerThread:2991394 [handler.py:handle_request_defer():172] handle defer: 8
2023-11-29 01:36:52,790 DEBUG   SenderThread:2991394 [sender.py:send_request():407] send_request: defer
2023-11-29 01:36:52,790 INFO    SenderThread:2991394 [sender.py:send_request_defer():609] handle sender defer: 8
2023-11-29 01:36:52,790 INFO    SenderThread:2991394 [job_builder.py:build():298] Attempting to build job artifact
2023-11-29 01:36:52,790 INFO    SenderThread:2991394 [job_builder.py:_get_source_type():428] is repo sourced job
2023-11-29 01:36:52,853 DEBUG   HandlerThread:2991394 [handler.py:handle_request():146] handle_request: poll_exit
2023-11-29 01:36:52,853 INFO    HandlerThread:2991394 [handler.py:finish():866] shutting down handler
2023-11-29 01:36:52,853 INFO    WriterThread:2991394 [datastore.py:close():294] close: /scratch/as14661/trl/examples/scripts/wandb/run-20231129_013646-q4q5ll2m/run-q4q5ll2m.wandb
2023-11-29 01:36:52,944 INFO    Thread-12 :2991394 [dir_watcher.py:_on_file_modified():288] file/dir modified: /scratch/as14661/trl/examples/scripts/wandb/run-20231129_013646-q4q5ll2m/files/output.log
2023-11-29 01:36:53,242 ERROR   StreamThr :2991394 [internal.py:wandb_internal():174] Thread SenderThread:
Traceback (most recent call last):
  File "/share/apps/anaconda3/2020.07/lib/python3.8/pathlib.py", line 1284, in mkdir
    self._accessor.mkdir(self, mode)
FileNotFoundError: [Errno 2] No such file or directory: '/home/as14661/.cache/wandb/artifacts/tmp'

During handling of the above exception, another exception occurred:

Traceback (most recent call last):
  File "/share/apps/anaconda3/2020.07/lib/python3.8/pathlib.py", line 1284, in mkdir
    self._accessor.mkdir(self, mode)
FileNotFoundError: [Errno 2] No such file or directory: '/home/as14661/.cache/wandb/artifacts'

During handling of the above exception, another exception occurred:

Traceback (most recent call last):
  File "/home/as14661/.local/lib/python3.8/site-packages/wandb/sdk/internal/internal_util.py", line 49, in run
    self._run()
  File "/home/as14661/.local/lib/python3.8/site-packages/wandb/sdk/internal/internal_util.py", line 100, in _run
    self._process(record)
  File "/home/as14661/.local/lib/python3.8/site-packages/wandb/sdk/internal/internal.py", line 328, in _process
    self._sm.send(record)
  File "/home/as14661/.local/lib/python3.8/site-packages/wandb/sdk/internal/sender.py", line 387, in send
    send_handler(record)
  File "/home/as14661/.local/lib/python3.8/site-packages/wandb/sdk/internal/sender.py", line 409, in send_request
    send_handler(record)
  File "/home/as14661/.local/lib/python3.8/site-packages/wandb/sdk/internal/sender.py", line 641, in send_request_defer
    self._flush_job()
  File "/home/as14661/.local/lib/python3.8/site-packages/wandb/sdk/internal/sender.py", line 1612, in _flush_job
    artifact = self._job_builder.build()
  File "/home/as14661/.local/lib/python3.8/site-packages/wandb/sdk/internal/job_builder.py", line 402, in build
    artifact = JobArtifact(name)
  File "/home/as14661/.local/lib/python3.8/site-packages/wandb/sdk/internal/job_builder.py", line 75, in __init__
    super().__init__(name, "placeholder", *args, **kwargs)
  File "/home/as14661/.local/lib/python3.8/site-packages/wandb/sdk/artifacts/artifact.py", line 142, in __init__
    self._storage_policy = storage_policy_cls.from_config(config=policy_config)
  File "/home/as14661/.local/lib/python3.8/site-packages/wandb/sdk/artifacts/storage_policies/wandb_storage_policy.py", line 61, in from_config
    return cls(config=config)
  File "/home/as14661/.local/lib/python3.8/site-packages/wandb/sdk/artifacts/storage_policies/wandb_storage_policy.py", line 69, in __init__
    self._cache = cache or get_artifacts_cache()
  File "/home/as14661/.local/lib/python3.8/site-packages/wandb/sdk/artifacts/artifacts_cache.py", line 206, in get_artifacts_cache
    _artifacts_cache = ArtifactsCache(env.get_cache_dir() / "artifacts")
  File "/home/as14661/.local/lib/python3.8/site-packages/wandb/sdk/artifacts/artifacts_cache.py", line 36, in __init__
    self._temp_dir.mkdir(parents=True, exist_ok=True)
  File "/share/apps/anaconda3/2020.07/lib/python3.8/pathlib.py", line 1288, in mkdir
    self.parent.mkdir(parents=True, exist_ok=True)
  File "/share/apps/anaconda3/2020.07/lib/python3.8/pathlib.py", line 1288, in mkdir
    self.parent.mkdir(parents=True, exist_ok=True)
  File "/share/apps/anaconda3/2020.07/lib/python3.8/pathlib.py", line 1284, in mkdir
    self._accessor.mkdir(self, mode)
OSError: [Errno 122] Disk quota exceeded: '/home/as14661/.cache/wandb'
